

Microchip MPLAB XC8 Assembler V3.00 build 20241204225717 
                                                                                               Thu Oct 16 10:54:09 2025

Microchip MPLAB XC8 C Compiler v3.00 (Free license) build 20241204225717 Og1 
     1                           	processor	18F4520
     2                           	fnconf	rparam,??,?,0
     3                           	pagewidth 120
     4                           	opt	flic
     5                           	psect	cinit,global,reloc=2,class=CODE,space=0,delta=1
     6                           	psect	cstackCOMRAM,global,class=COMRAM,space=1,delta=1,lowdata,noexec
     7                           	psect	text0,global,reloc=2,class=CODE,space=0,delta=1
     8                           	psect	smallconst,global,reloc=2,class=SMALLCONST,space=0,delta=1,noexec
     9                           	psect	intsave_regs,global,class=BIGRAM,space=1,delta=1,noexec
    10                           	psect	rparam,global,class=COMRAM,space=1,delta=1,noexec
    11                           	psect	idloc,global,abs,ovrld,class=IDLOC,space=5,delta=1,noexec
    12                           	psect	config,global,abs,ovrld,class=CONFIG,space=4,delta=1,noexec
    13   000000                     
    14                           ; Generated 05/12/2024 GMT
    15                           ; 
    16                           ; Copyright © 2024, Microchip Technology Inc. and its subsidiaries ("Microchip")
    17                           ; All rights reserved.
    18                           ; 
    19                           ; This software is developed by Microchip Technology Inc. and its subsidiaries ("Microch
      +                          ip").
    20                           ; 
    21                           ; Redistribution and use in source and binary forms, with or without modification, are
    22                           ; permitted provided that the following conditions are met:
    23                           ; 
    24                           ;     1. Redistributions of source code must retain the above copyright notice, this lis
      +                          t of
    25                           ;        conditions and the following disclaimer.
    26                           ; 
    27                           ;     2. Redistributions in binary form must reproduce the above copyright notice, this 
      +                          list
    28                           ;        of conditions and the following disclaimer in the documentation and/or other
    29                           ;        materials provided with the distribution. Publication is not required when
    30                           ;        this file is used in an embedded application.
    31                           ; 
    32                           ;     3. Microchip's name may not be used to endorse or promote products derived from th
      +                          is
    33                           ;        software without specific prior written permission.
    34                           ; 
    35                           ; THIS SOFTWARE IS PROVIDED BY MICROCHIP "AS IS" AND ANY EXPRESS OR IMPLIED WARRANTIES,
    36                           ; INCLUDING, BUT NOT LIMITED TO, THE IMPLIED WARRANTIES OF MERCHANTABILITY AND FITNESS F
      +                          OR
    37                           ; PURPOSE ARE DISCLAIMED.  IN NO EVENT SHALL MICROCHIP BE LIABLE FOR ANY DIRECT, INDIREC
      +                          T,
    38                           ; INCIDENTAL, SPECIAL, EXEMPLARY, OR CONSEQUENTIAL DAMAGES (INCLUDING BUT NOT LIMITED TO
    39                           ; PROCUREMENT OF SUBSTITUTE GOODS OR SERVICES; LOSS OF USE, DATA OR PROFITS; OR BUSINESS
    40                           ; INTERRUPTION) HOWSOEVER CAUSED AND ON ANY THEORY OF LIABILITY, WHETHER IN CONTRACT, ST
      +                          RICT
    41                           ; LIABILITY, OR TORT (INCLUDING NEGLIGENCE OR OTHERWISE) ARISING IN ANY WAY OUT OF THE U
      +                          SE OF
    42                           ; THIS SOFTWARE, EVEN IF ADVISED OF THE POSSIBILITY OF SUCH DAMAGE.
    43                           ; 
    44                           ; 
    45                           ; Code-generator required, PIC18F4520 Definitions
    46                           ; 
    47                           ; SFR Addresses
    48   000FE0                     bsr             equ	4064
    49   000FE9                     fsr0            equ	4073
    50   000FEA                     fsr0h           equ	4074
    51   000FE9                     fsr0l           equ	4073
    52   000FE1                     fsr1            equ	4065
    53   000FE2                     fsr1h           equ	4066
    54   000FE1                     fsr1l           equ	4065
    55   000FD9                     fsr2            equ	4057
    56   000FDA                     fsr2h           equ	4058
    57   000FD9                     fsr2l           equ	4057
    58   000FEF                     indf0           equ	4079
    59   000FE7                     indf1           equ	4071
    60   000FDF                     indf2           equ	4063
    61   000FF2                     intcon          equ	4082
    62   000000                     nvmcon          equ	0
    63   000FF9                     pcl             equ	4089
    64   000FFA                     pclath          equ	4090
    65   000FFB                     pclatu          equ	4091
    66   000FEB                     plusw0          equ	4075
    67   000FE3                     plusw1          equ	4067
    68   000FDB                     plusw2          equ	4059
    69   000FED                     postdec0        equ	4077
    70   000FE5                     postdec1        equ	4069
    71   000FDD                     postdec2        equ	4061
    72   000FEE                     postinc0        equ	4078
    73   000FE6                     postinc1        equ	4070
    74   000FDE                     postinc2        equ	4062
    75   000FEC                     preinc0         equ	4076
    76   000FE4                     preinc1         equ	4068
    77   000FDC                     preinc2         equ	4060
    78   000FF3                     prod            equ	4083
    79   000FF4                     prodh           equ	4084
    80   000FF3                     prodl           equ	4083
    81   000FD8                     status          equ	4056
    82   000FF5                     tablat          equ	4085
    83   000FF6                     tblptr          equ	4086
    84   000FF7                     tblptrh         equ	4087
    85   000FF6                     tblptrl         equ	4086
    86   000FF8                     tblptru         equ	4088
    87   000FFD                     tosl            equ	4093
    88   000FE8                     wreg            equ	4072
    89   000F80                     PORTA           equ	3968	;# 
    90   000F81                     PORTB           equ	3969	;# 
    91   000F82                     PORTC           equ	3970	;# 
    92   000F83                     PORTD           equ	3971	;# 
    93   000F84                     PORTE           equ	3972	;# 
    94   000F89                     LATA            equ	3977	;# 
    95   000F8A                     LATB            equ	3978	;# 
    96   000F8B                     LATC            equ	3979	;# 
    97   000F8C                     LATD            equ	3980	;# 
    98   000F8D                     LATE            equ	3981	;# 
    99   000F92                     TRISA           equ	3986	;# 
   100   000F92                     DDRA            equ	3986	;# 
   101   000F93                     TRISB           equ	3987	;# 
   102   000F93                     DDRB            equ	3987	;# 
   103   000F94                     TRISC           equ	3988	;# 
   104   000F94                     DDRC            equ	3988	;# 
   105   000F95                     TRISD           equ	3989	;# 
   106   000F95                     DDRD            equ	3989	;# 
   107   000F96                     TRISE           equ	3990	;# 
   108   000F96                     DDRE            equ	3990	;# 
   109   000F9B                     OSCTUNE         equ	3995	;# 
   110   000F9D                     PIE1            equ	3997	;# 
   111   000F9E                     PIR1            equ	3998	;# 
   112   000F9F                     IPR1            equ	3999	;# 
   113   000FA0                     PIE2            equ	4000	;# 
   114   000FA1                     PIR2            equ	4001	;# 
   115   000FA2                     IPR2            equ	4002	;# 
   116   000FA6                     EECON1          equ	4006	;# 
   117   000FA7                     EECON2          equ	4007	;# 
   118   000FA8                     EEDATA          equ	4008	;# 
   119   000FA9                     EEADR           equ	4009	;# 
   120   000FAB                     RCSTA           equ	4011	;# 
   121   000FAB                     RCSTA1          equ	4011	;# 
   122   000FAC                     TXSTA           equ	4012	;# 
   123   000FAC                     TXSTA1          equ	4012	;# 
   124   000FAD                     TXREG           equ	4013	;# 
   125   000FAD                     TXREG1          equ	4013	;# 
   126   000FAE                     RCREG           equ	4014	;# 
   127   000FAE                     RCREG1          equ	4014	;# 
   128   000FAF                     SPBRG           equ	4015	;# 
   129   000FAF                     SPBRG1          equ	4015	;# 
   130   000FB0                     SPBRGH          equ	4016	;# 
   131   000FB1                     T3CON           equ	4017	;# 
   132   000FB2                     TMR3            equ	4018	;# 
   133   000FB2                     TMR3L           equ	4018	;# 
   134   000FB3                     TMR3H           equ	4019	;# 
   135   000FB4                     CMCON           equ	4020	;# 
   136   000FB5                     CVRCON          equ	4021	;# 
   137   000FB6                     ECCP1AS         equ	4022	;# 
   138   000FB6                     ECCPAS          equ	4022	;# 
   139   000FB7                     PWM1CON         equ	4023	;# 
   140   000FB7                     ECCP1DEL        equ	4023	;# 
   141   000FB8                     BAUDCON         equ	4024	;# 
   142   000FB8                     BAUDCTL         equ	4024	;# 
   143   000FBA                     CCP2CON         equ	4026	;# 
   144   000FBB                     CCPR2           equ	4027	;# 
   145   000FBB                     CCPR2L          equ	4027	;# 
   146   000FBC                     CCPR2H          equ	4028	;# 
   147   000FBD                     CCP1CON         equ	4029	;# 
   148   000FBE                     CCPR1           equ	4030	;# 
   149   000FBE                     CCPR1L          equ	4030	;# 
   150   000FBF                     CCPR1H          equ	4031	;# 
   151   000FC0                     ADCON2          equ	4032	;# 
   152   000FC1                     ADCON1          equ	4033	;# 
   153   000FC2                     ADCON0          equ	4034	;# 
   154   000FC3                     ADRES           equ	4035	;# 
   155   000FC3                     ADRESL          equ	4035	;# 
   156   000FC4                     ADRESH          equ	4036	;# 
   157   000FC5                     SSPCON2         equ	4037	;# 
   158   000FC6                     SSPCON1         equ	4038	;# 
   159   000FC7                     SSPSTAT         equ	4039	;# 
   160   000FC8                     SSPADD          equ	4040	;# 
   161   000FC9                     SSPBUF          equ	4041	;# 
   162   000FCA                     T2CON           equ	4042	;# 
   163   000FCB                     PR2             equ	4043	;# 
   164   000FCB                     MEMCON          equ	4043	;# 
   165   000FCC                     TMR2            equ	4044	;# 
   166   000FCD                     T1CON           equ	4045	;# 
   167   000FCE                     TMR1            equ	4046	;# 
   168   000FCE                     TMR1L           equ	4046	;# 
   169   000FCF                     TMR1H           equ	4047	;# 
   170   000FD0                     RCON            equ	4048	;# 
   171   000FD1                     WDTCON          equ	4049	;# 
   172   000FD2                     HLVDCON         equ	4050	;# 
   173   000FD2                     LVDCON          equ	4050	;# 
   174   000FD3                     OSCCON          equ	4051	;# 
   175   000FD5                     T0CON           equ	4053	;# 
   176   000FD6                     TMR0            equ	4054	;# 
   177   000FD6                     TMR0L           equ	4054	;# 
   178   000FD7                     TMR0H           equ	4055	;# 
   179   000FD8                     STATUS          equ	4056	;# 
   180   000FD9                     FSR2            equ	4057	;# 
   181   000FD9                     FSR2L           equ	4057	;# 
   182   000FDA                     FSR2H           equ	4058	;# 
   183   000FDB                     PLUSW2          equ	4059	;# 
   184   000FDC                     PREINC2         equ	4060	;# 
   185   000FDD                     POSTDEC2        equ	4061	;# 
   186   000FDE                     POSTINC2        equ	4062	;# 
   187   000FDF                     INDF2           equ	4063	;# 
   188   000FE0                     BSR             equ	4064	;# 
   189   000FE1                     FSR1            equ	4065	;# 
   190   000FE1                     FSR1L           equ	4065	;# 
   191   000FE2                     FSR1H           equ	4066	;# 
   192   000FE3                     PLUSW1          equ	4067	;# 
   193   000FE4                     PREINC1         equ	4068	;# 
   194   000FE5                     POSTDEC1        equ	4069	;# 
   195   000FE6                     POSTINC1        equ	4070	;# 
   196   000FE7                     INDF1           equ	4071	;# 
   197   000FE8                     WREG            equ	4072	;# 
   198   000FE9                     FSR0            equ	4073	;# 
   199   000FE9                     FSR0L           equ	4073	;# 
   200   000FEA                     FSR0H           equ	4074	;# 
   201   000FEB                     PLUSW0          equ	4075	;# 
   202   000FEC                     PREINC0         equ	4076	;# 
   203   000FED                     POSTDEC0        equ	4077	;# 
   204   000FEE                     POSTINC0        equ	4078	;# 
   205   000FEF                     INDF0           equ	4079	;# 
   206   000FF0                     INTCON3         equ	4080	;# 
   207   000FF1                     INTCON2         equ	4081	;# 
   208   000FF2                     INTCON          equ	4082	;# 
   209   000FF3                     PROD            equ	4083	;# 
   210   000FF3                     PRODL           equ	4083	;# 
   211   000FF4                     PRODH           equ	4084	;# 
   212   000FF5                     TABLAT          equ	4085	;# 
   213   000FF6                     TBLPTR          equ	4086	;# 
   214   000FF6                     TBLPTRL         equ	4086	;# 
   215   000FF7                     TBLPTRH         equ	4087	;# 
   216   000FF8                     TBLPTRU         equ	4088	;# 
   217   000FF9                     PCLAT           equ	4089	;# 
   218   000FF9                     PC              equ	4089	;# 
   219   000FF9                     PCL             equ	4089	;# 
   220   000FFA                     PCLATH          equ	4090	;# 
   221   000FFB                     PCLATU          equ	4091	;# 
   222   000FFC                     STKPTR          equ	4092	;# 
   223   000FFD                     TOS             equ	4093	;# 
   224   000FFD                     TOSL            equ	4093	;# 
   225   000FFE                     TOSH            equ	4094	;# 
   226   000FFF                     TOSU            equ	4095	;# 
   227                           
   228                           ; #config settings
   229                           
   230                           	psect	cinit
   231   00070C                     __pcinit:
   232                           	callstack 0
   233   00070C                     start_initialization:
   234                           	callstack 0
   235   00070C                     __initialization:
   236                           	callstack 0
   237   00070C                     end_of_initialization:
   238                           	callstack 0
   239   00070C                     __end_of__initialization:
   240                           	callstack 0
   241   00070C  0100               	movlb	0
   242   00070E  EF7D  F003         	goto	_main	;jump to C main() function
   243                           
   244                           	psect	cstackCOMRAM
   245   000001                     __pcstackCOMRAM:
   246                           	callstack 0
   247   000001                     ?_is_prime:
   248   000001                     main@ans:
   249                           	callstack 0
   250   000001                     
   251                           ; 1 bytes @ 0x0
   252   000001                     	ds	1
   253                           
   254 ;;
   255 ;;Main: autosize = 0, tempsize = 0, incstack = 0, save=0
   256 ;;
   257 ;; *************** function _main *****************
   258 ;; Defined at:
   259 ;;		line 5 in file "main.c"
   260 ;; Parameters:    Size  Location     Type
   261 ;;		None
   262 ;; Auto vars:     Size  Location     Type
   263 ;;  ans             1    0[COMRAM] volatile unsigned char 
   264 ;; Return value:  Size  Location     Type
   265 ;;                  1    wreg      void 
   266 ;; Registers used:
   267 ;;		wreg, fsr0l, fsr0h, fsr1l, fsr1h, fsr1l, fsr1h, fsr2l, fsr2h, bsr, status,2, status,0, pcl, pclath, pclatu, btemp, b
      +temp+1, btemp+2, btemp+3, btemp+4, btemp+5, btemp+6, btemp+7, btemp+8, btemp+9, btemp+10, btemp+11, btemp+12, btemp+13, 
      +btemp+14, btemp+15, btemp+16, btemp+17, btemp+18, btemp+19, btemp+20, btemp+21, btemp+22, btemp+23, btemp+24, btemp+25, 
      +btemp+26, btemp+27, btemp+28, btemp+29, btemp+30, btemp+31, tosl, structret, tblptrl, tblptrh, tblptru, prodl, prodh, cs
      +tack
   268 ;; Tracked objects:
   269 ;;		On entry : 0/0
   270 ;;		On exit  : 0/0
   271 ;;		Unchanged: 0/0
   272 ;; Data sizes:     COMRAM   BANK0   BANK1   BANK2   BANK3   BANK4   BANK5
   273 ;;      Params:         0       0       0       0       0       0       0
   274 ;;      Locals:         1       0       0       0       0       0       0
   275 ;;      Temps:          0       0       0       0       0       0       0
   276 ;;      Totals:         1       0       0       0       0       0       0
   277 ;;Total ram usage:        1 bytes
   278 ;; Hardware stack levels required when called: 1
   279 ;; This function calls:
   280 ;;		_is_prime
   281 ;; This function is called by:
   282 ;;		Startup code after reset
   283 ;; This function uses a non-reentrant model
   284 ;;
   285                           
   286                           	psect	text0
   287   0006FA                     __ptext0:
   288                           	callstack 0
   289   0006FA                     _main:
   290                           	callstack 30
   291   0006FA                     
   292                           ;main.c: 7: 
   293   0006FA  0EFD               	movlw	253
   294   0006FC  EC01  F003         	call	_is_prime
   295   000700  5001               	movf	?_is_prime^0,w,c
   296   000702  6E01               	movwf	main@ans^0,c	;volatile
   297   000704                     l7:
   298   000704  EF82  F003         	goto	l7
   299   000708  EFFE  F03F         	goto	start
   300   00070C                     __end_of_main:
   301                           	callstack 0
   302                           
   303                           	psect	smallconst
   304   000600                     __psmallconst:
   305                           	callstack 0
   306   000600  00                 	db	0
   307   000601  00                 	db	0	; dummy byte at the end
   308   000600                     __smallconst    set	__psmallconst
   309   000600                     __mediumconst   set	__psmallconst
   310   000000                     __activetblptr  equ	0
   311                           
   312                           	psect	rparam
   313   000001                     ___rparam_used  equ	1
   314   000000                     ___param_bank   equ	0
   315   000000                     __Lparam        equ	__Lrparam
   316   000000                     __Hparam        equ	__Hrparam
   317                           
   318                           	psect	idloc
   319                           
   320                           ;Config register IDLOC0 @ 0x200000
   321                           ;	unspecified, using default values
   322   200000                     	org	2097152
   323   200000  FF                 	db	255
   324                           
   325                           ;Config register IDLOC1 @ 0x200001
   326                           ;	unspecified, using default values
   327   200001                     	org	2097153
   328   200001  FF                 	db	255
   329                           
   330                           ;Config register IDLOC2 @ 0x200002
   331                           ;	unspecified, using default values
   332   200002                     	org	2097154
   333   200002  FF                 	db	255
   334                           
   335                           ;Config register IDLOC3 @ 0x200003
   336                           ;	unspecified, using default values
   337   200003                     	org	2097155
   338   200003  FF                 	db	255
   339                           
   340                           ;Config register IDLOC4 @ 0x200004
   341                           ;	unspecified, using default values
   342   200004                     	org	2097156
   343   200004  FF                 	db	255
   344                           
   345                           ;Config register IDLOC5 @ 0x200005
   346                           ;	unspecified, using default values
   347   200005                     	org	2097157
   348   200005  FF                 	db	255
   349                           
   350                           ;Config register IDLOC6 @ 0x200006
   351                           ;	unspecified, using default values
   352   200006                     	org	2097158
   353   200006  FF                 	db	255
   354                           
   355                           ;Config register IDLOC7 @ 0x200007
   356                           ;	unspecified, using default values
   357   200007                     	org	2097159
   358   200007  FF                 	db	255
   359                           
   360                           	psect	config
   361                           
   362                           ; Padding undefined space
   363   300000                     	org	3145728
   364   300000  FF                 	db	255
   365                           
   366                           ;Config register CONFIG1H @ 0x300001
   367                           ;	unspecified, using default values
   368                           ;	Oscillator Selection bits
   369                           ;	OSC = 0x7, unprogrammed default
   370                           ;	Fail-Safe Clock Monitor Enable bit
   371                           ;	FCMEN = 0x0, unprogrammed default
   372                           ;	Internal/External Oscillator Switchover bit
   373                           ;	IESO = 0x0, unprogrammed default
   374   300001                     	org	3145729
   375   300001  07                 	db	7
   376                           
   377                           ;Config register CONFIG2L @ 0x300002
   378                           ;	unspecified, using default values
   379                           ;	Power-up Timer Enable bit
   380                           ;	PWRT = 0x1, unprogrammed default
   381                           ;	Brown-out Reset Enable bits
   382                           ;	BOREN = 0x3, unprogrammed default
   383                           ;	Brown Out Reset Voltage bits
   384                           ;	BORV = 0x3, unprogrammed default
   385   300002                     	org	3145730
   386   300002  1F                 	db	31
   387                           
   388                           ;Config register CONFIG2H @ 0x300003
   389                           ;	Watchdog Timer Enable bit
   390                           ;	WDT = OFF, WDT disabled (control is placed on the SWDTEN bit)
   391                           ;	Watchdog Timer Postscale Select bits
   392                           ;	WDTPS = 0xF, unprogrammed default
   393   300003                     	org	3145731
   394   300003  1E                 	db	30
   395                           
   396                           ; Padding undefined space
   397   300004                     	org	3145732
   398   300004  FF                 	db	255
   399                           
   400                           ;Config register CONFIG3H @ 0x300005
   401                           ;	unspecified, using default values
   402                           ;	CCP2 MUX bit
   403                           ;	CCP2MX = 0x1, unprogrammed default
   404                           ;	PORTB A/D Enable bit
   405                           ;	PBADEN = 0x1, unprogrammed default
   406                           ;	Low-Power Timer1 Oscillator Enable bit
   407                           ;	LPT1OSC = 0x0, unprogrammed default
   408                           ;	MCLR Pin Enable bit
   409                           ;	MCLRE = 0x1, unprogrammed default
   410   300005                     	org	3145733
   411   300005  83                 	db	131
   412                           
   413                           ;Config register CONFIG4L @ 0x300006
   414                           ;	unspecified, using default values
   415                           ;	Stack Full/Underflow Reset Enable bit
   416                           ;	STVREN = 0x1, unprogrammed default
   417                           ;	Single-Supply ICSP Enable bit
   418                           ;	LVP = 0x1, unprogrammed default
   419                           ;	Extended Instruction Set Enable bit
   420                           ;	XINST = 0x0, unprogrammed default
   421                           ;	Background Debugger Enable bit
   422                           ;	DEBUG = 0x1, unprogrammed default
   423   300006                     	org	3145734
   424   300006  85                 	db	133
   425                           
   426                           ; Padding undefined space
   427   300007                     	org	3145735
   428   300007  FF                 	db	255
   429                           
   430                           ;Config register CONFIG5L @ 0x300008
   431                           ;	unspecified, using default values
   432                           ;	Code Protection bit
   433                           ;	CP0 = 0x1, unprogrammed default
   434                           ;	Code Protection bit
   435                           ;	CP1 = 0x1, unprogrammed default
   436                           ;	Code Protection bit
   437                           ;	CP2 = 0x1, unprogrammed default
   438                           ;	Code Protection bit
   439                           ;	CP3 = 0x1, unprogrammed default
   440   300008                     	org	3145736
   441   300008  0F                 	db	15
   442                           
   443                           ;Config register CONFIG5H @ 0x300009
   444                           ;	unspecified, using default values
   445                           ;	Boot Block Code Protection bit
   446                           ;	CPB = 0x1, unprogrammed default
   447                           ;	Data EEPROM Code Protection bit
   448                           ;	CPD = 0x1, unprogrammed default
   449   300009                     	org	3145737
   450   300009  C0                 	db	192
   451                           
   452                           ;Config register CONFIG6L @ 0x30000A
   453                           ;	unspecified, using default values
   454                           ;	Write Protection bit
   455                           ;	WRT0 = 0x1, unprogrammed default
   456                           ;	Write Protection bit
   457                           ;	WRT1 = 0x1, unprogrammed default
   458                           ;	Write Protection bit
   459                           ;	WRT2 = 0x1, unprogrammed default
   460                           ;	Write Protection bit
   461                           ;	WRT3 = 0x1, unprogrammed default
   462   30000A                     	org	3145738
   463   30000A  0F                 	db	15
   464                           
   465                           ;Config register CONFIG6H @ 0x30000B
   466                           ;	unspecified, using default values
   467                           ;	Configuration Register Write Protection bit
   468                           ;	WRTC = 0x1, unprogrammed default
   469                           ;	Boot Block Write Protection bit
   470                           ;	WRTB = 0x1, unprogrammed default
   471                           ;	Data EEPROM Write Protection bit
   472                           ;	WRTD = 0x1, unprogrammed default
   473   30000B                     	org	3145739
   474   30000B  E0                 	db	224
   475                           
   476                           ;Config register CONFIG7L @ 0x30000C
   477                           ;	unspecified, using default values
   478                           ;	Table Read Protection bit
   479                           ;	EBTR0 = 0x1, unprogrammed default
   480                           ;	Table Read Protection bit
   481                           ;	EBTR1 = 0x1, unprogrammed default
   482                           ;	Table Read Protection bit
   483                           ;	EBTR2 = 0x1, unprogrammed default
   484                           ;	Table Read Protection bit
   485                           ;	EBTR3 = 0x1, unprogrammed default
   486   30000C                     	org	3145740
   487   30000C  0F                 	db	15
   488                           
   489                           ;Config register CONFIG7H @ 0x30000D
   490                           ;	unspecified, using default values
   491                           ;	Boot Block Table Read Protection bit
   492                           ;	EBTRB = 0x1, unprogrammed default
   493   30000D                     	org	3145741
   494   30000D  40                 	db	64
   495                           tosu	equ	0xFFF
   496                           tosh	equ	0xFFE
   497                           tosl	equ	0xFFD
   498                           stkptr	equ	0xFFC
   499                           pclatu	equ	0xFFB
   500                           pclath	equ	0xFFA
   501                           pcl	equ	0xFF9
   502                           tblptru	equ	0xFF8
   503                           tblptrh	equ	0xFF7
   504                           tblptrl	equ	0xFF6
   505                           tablat	equ	0xFF5
   506                           prodh	equ	0xFF4
   507                           prodl	equ	0xFF3
   508                           indf0	equ	0xFEF
   509                           postinc0	equ	0xFEE
   510                           postdec0	equ	0xFED
   511                           preinc0	equ	0xFEC
   512                           plusw0	equ	0xFEB
   513                           fsr0h	equ	0xFEA
   514                           fsr0l	equ	0xFE9
   515                           wreg	equ	0xFE8
   516                           indf1	equ	0xFE7
   517                           postinc1	equ	0xFE6
   518                           postdec1	equ	0xFE5
   519                           preinc1	equ	0xFE4
   520                           plusw1	equ	0xFE3
   521                           fsr1h	equ	0xFE2
   522                           fsr1l	equ	0xFE1
   523                           bsr	equ	0xFE0
   524                           indf2	equ	0xFDF
   525                           postinc2	equ	0xFDE
   526                           postdec2	equ	0xFDD
   527                           preinc2	equ	0xFDC
   528                           plusw2	equ	0xFDB
   529                           fsr2h	equ	0xFDA
   530                           fsr2l	equ	0xFD9
   531                           status	equ	0xFD8

Data Sizes:
    Strings     0
    Constant    0
    Data        0
    BSS         0
    Persistent  0
    Stack       0

Auto Spaces:
    Space          Size  Autos    Used
    COMRAM          127      1       1
    BANK0           128      0       0
    BANK1           256      0       0
    BANK2           256      0       0
    BANK3           256      0       0
    BANK4           256      0       0
    BANK5           256      0       0

Pointer List with Targets:

    None.

Critical Paths under _main in COMRAM

    None.

Critical Paths under _main in BANK0

    None.

Critical Paths under _main in BANK1

    None.

Critical Paths under _main in BANK2

    None.

Critical Paths under _main in BANK3

    None.

Critical Paths under _main in BANK4

    None.

Critical Paths under _main in BANK5

    None.

Call Graph Tables:

 ---------------------------------------------------------------------------------
 (Depth) Function   	        Calls       Base Space   Used Autos Params    Refs
 ---------------------------------------------------------------------------------
 (0) _main                                                 1     1      0       0
                                              0 COMRAM     1     1      0
                           _is_prime
 ---------------------------------------------------------------------------------
 (1) _is_prime                                             0     0      0       0
 ---------------------------------------------------------------------------------
 Estimated maximum stack depth 1
 ---------------------------------------------------------------------------------

 Call Graph Graphs:

 _main (ROOT)
   _is_prime

Address spaces:
Name               Size   Autos  Total    Usage
BITCOMRAM          127      0       0      0.0%
BITBANK0           128      0       0      0.0%
BITBANK1           256      0       0      0.0%
BITBANK2           256      0       0      0.0%
BITBANK3           256      0       0      0.0%
BITBANK4           256      0       0      0.0%
BITBANK5           256      0       0      0.0%
BITBIGSFR          128      0       0      0.0%
COMRAM             127      1       1      0.8%
BANK0              128      0       0      0.0%
BANK1              256      0       0      0.0%
BANK2              256      0       0      0.0%
BANK3              256      0       0      0.0%
BANK4              256      0       0      0.0%
BANK5              256      0       0      0.0%
BIGRAM            1535      0       0      0.0%
STACK                0      0       0      0.0%
DATA                 0      0       1      0.0%


Microchip Technology PIC18 Macro Assembler V3.00 build 20241204225717 
Symbol Table                                                                                   Thu Oct 16 10:54:09 2025

                      l7 0704                        l8 0704                      l686 06FA  
                   _main 06FA                     start 7FFC             ___param_bank 0000  
                  ?_main 0001          __initialization 070C             __end_of_main 070C  
                 ??_main 0001            __activetblptr 0000                   isa$std 0001  
           __mediumconst 0600               __accesstop 0080  __end_of__initialization 070C  
          ___rparam_used 0001           __pcstackCOMRAM 0001                ?_is_prime 0001  
                __Hparam 0000                  __Lparam 0000             __psmallconst 0600  
                __pcinit 070C                  __ramtop 0600                  __ptext0 06FA  
                main@ans 0001     end_of_initialization 070C               ??_is_prime 0001  
    start_initialization 070C              __smallconst 0600                 __Hrparam 0000  
               __Lrparam 0000                 _is_prime 0602                 isa$xinst 0000  
